Processing: sample.c
Running Clang: clang -x c -fsyntax-only -Xclang -ast-dump=json sample.probe.c
DEBUG NODE FOR A_PLUS_B:
{
  "id": "0x18da66a92f0",
  "kind": "VarDecl",
  "loc": {
    "offset": 2553,
    "line": 65,
    "col": 11,
    "tokLen": 14
  },
  "range": {
    "begin": {
      "offset": 2543,
      "col": 1,
      "tokLen": 4
    },
    "end": {
      "offset": 2654,
      "col": 112,
      "tokLen": 1
    }
  },
  "name": "PROBE_A_PLUS_B",
  "mangledName": "PROBE_A_PLUS_B",
  "type": {
    "qualType": "long long"
  },
  "init": "c",
  "inner": [
    {
      "id": "0x18da66a95b8",
      "kind": "ChooseExpr",
      "range": {
        "begin": {
          "offset": 2570,
          "col": 28,
          "tokLen": 21
        },
        "end": {
          "offset": 2654,
          "col": 112,
          "tokLen": 1
        }
      },
      "type": {
        "qualType": "long long"
      },
      "valueCategory": "prvalue",
      "inner": [
        {
          "id": "0x18da66a9598",
          "kind": "ConstantExpr",
          "range": {
            "begin": {
              "offset": 2592,
              "col": 50,
              "tokLen": 20
            },
            "end": {
              "offset": 2621,
              "col": 79,
              "tokLen": 1
            }
          },
          "type": {
            "qualType": "int"
          },
          "valueCategory": "prvalue",
          "value": "1",
          "inner": [
            {
              "id": "0x18da66a9420",
              "kind": "CallExpr",
              "range": {
                "begin": {
                  "offset": 2592,
                  "col": 50,
                  "tokLen": 20
                },
                "end": {
                  "offset": 2621,
                  "col": 79,
                  "tokLen": 1
                }
              },
              "type": {
                "qualType": "int"
              },
              "valueCategory": "prvalue",
              "inner": [
                {
                  "id": "0x18da66a9408",
                  "kind": "ImplicitCastExpr",
                  "range": {
                    "begin": {
                      "offset": 2592,
                      "col": 50,
                      "tokLen": 20
                    },
                    "end": {
                      "offset": 2592,
                      "col": 50,
                      "tokLen": 20
                    }
                  },
                  "type": {
                    "qualType": "int (*)()"
                  },
                  "valueCategory": "prvalue",
                  "castKind": "BuiltinFnToFnPtr",
                  "inner": [
                    {
                      "id": "0x18da66a9358",
                      "kind": "DeclRefExpr",
                      "range": {
                        "begin": {
                          "offset": 2592,
                          "col": 50,
                          "tokLen": 20
                        },
                        "end": {
                          "offset": 2592,
                          "col": 50,
                          "tokLen": 20
                        }
                      },
                      "type": {
                        "qualType": "<builtin fn type>"
                      },
                      "valueCategory": "prvalue",
                      "referencedDecl": {
                        "id": "0x18da66a5a88",
                        "kind": "FunctionDecl",
                        "name": "__builtin_constant_p",
                        "type": {
                          "qualType": "int ()"
                        }
                      }
                    }
                  ]
                },
                {
                  "id": "0x18da66a93e8",
                  "kind": "ParenExpr",
                  "range": {
                    "begin": {
                      "spellingLoc": {
                        "offset": 2388,
                        "line": 60,
                        "col": 18,
                        "tokLen": 1
                      },
                      "expansionLoc": {
                        "offset": 2613,
                        "line": 65,
                        "col": 71,
                        "tokLen": 8
                      }
                    },
                    "end": {
                      "spellingLoc": {
                        "offset": 2396,
                        "line": 60,
                        "col": 26,
                        "tokLen": 1
                      },
                      "expansionLoc": {
                        "offset": 2613,
                        "line": 65,
                        "col": 71,
                        "tokLen": 8
                      }
                    }
                  },
                  "type": {
                    "qualType": "int"
                  },
                  "valueCategory": "prvalue",
                  "inner": [
                    {
                      "id": "0x18da66a93c8",
                      "kind": "BinaryOperator",
                      "range": {
                        "begin": {
                          "spellingLoc": {
                            "offset": 2389,
                            "line": 60,
                            "col": 19,
                            "tokLen": 2
                          },
                          "expansionLoc": {
                            "offset": 2613,
                            "line": 65,
                            "col": 71,
                            "tokLen": 8
                          }
                        },
                        "end": {
                          "spellingLoc": {
                            "offset": 2394,
                            "line": 60,
                            "col": 24,
                            "tokLen": 2
                          },
                          "expansionLoc": {
                            "offset": 2613,
                            "line": 65,
                            "col": 71,
                            "tokLen": 8
                          }
                        }
                      },
                      "type": {
                        "qualType": "int"
                      },
                      "valueCategory": "prvalue",
                      "opcode": "+",
                      "inner": [
                        {
                          "id": "0x18da66a9378",
                          "kind": "IntegerLiteral",
                          "range": {
                            "begin": {
                              "spellingLoc": {
                                "offset": 2389,
                                "line": 60,
                                "col": 19,
                                "tokLen": 2
                              },
                              "expansionLoc": {
                                "offset": 2613,
                                "line": 65,
                                "col": 71,
                                "tokLen": 8
                              }
                            },
                            "end": {
                              "spellingLoc": {
                                "offset": 2389,
                                "line": 60,
                                "col": 19,
                                "tokLen": 2
                              },
                              "expansionLoc": {
                                "offset": 2613,
                                "line": 65,
                                "col": 71,
                                "tokLen": 8
                              }
                            }
                          },
                          "type": {
                            "qualType": "int"
                          },
                          "valueCategory": "prvalue",
                          "value": "10"
                        },
                        {
                          "id": "0x18da66a93a0",
                          "kind": "IntegerLiteral",
                          "range": {
                            "begin": {
                              "spellingLoc": {
                                "offset": 2394,
                                "line": 60,
                                "col": 24,
                                "tokLen": 2
                              },
                              "expansionLoc": {
                                "offset": 2613,
                                "line": 65,
                                "col": 71,
                                "tokLen": 8
                              }
                            },
                            "end": {
                              "spellingLoc": {
                                "offset": 2394,
                                "line": 60,
                                "col": 24,
                                "tokLen": 2
                              },
                              "expansionLoc": {
                                "offset": 2613,
                                "line": 65,
                                "col": 71,
                                "tokLen": 8
                              }
                            }
                          },
                          "type": {
                            "qualType": "int"
                          },
                          "valueCategory": "prvalue",
                          "value": "20"
                        }
                      ]
                    }
                  ]
                }
              ]
            }
          ]
        },
        {
          "id": "0x18da66a9530",
          "kind": "CStyleCastExpr",
          "range": {
            "begin": {
              "offset": 2624,
              "col": 82,
              "tokLen": 1
            },
            "end": {
              "offset": 2644,
              "col": 102,
              "tokLen": 1
            }
          },
          "type": {
            "qualType": "long long"
          },
          "valueCategory": "prvalue",
          "castKind": "IntegralCast",
          "inner": [
            {
              "id": "0x18da66a9510",
              "kind": "ParenExpr",
              "range": {
                "begin": {
                  "offset": 2635,
                  "col": 93,
                  "tokLen": 1
                },
                "end": {
                  "offset": 2644,
                  "col": 102,
                  "tokLen": 1
                }
              },
              "type": {
                "qualType": "int"
              },
              "valueCategory": "prvalue",
              "inner": [
                {
                  "id": "0x18da66a94b8",
                  "kind": "ParenExpr",
                  "range": {
                    "begin": {
                      "spellingLoc": {
                        "offset": 2388,
                        "line": 60,
                        "col": 18,
                        "tokLen": 1
                      },
                      "expansionLoc": {
                        "offset": 2636,
                        "line": 65,
                        "col": 94,
                        "tokLen": 8
                      }
                    },
                    "end": {
                      "spellingLoc": {
                        "offset": 2396,
                        "line": 60,
                        "col": 26,
                        "tokLen": 1
                      },
                      "expansionLoc": {
                        "offset": 2636,
                        "line": 65,
                        "col": 94,
                        "tokLen": 8
                      }
                    }
                  },
                  "type": {
                    "qualType": "int"
                  },
                  "valueCategory": "prvalue",
                  "inner": [
                    {
                      "id": "0x18da66a9498",
                      "kind": "BinaryOperator",
                      "range": {
                        "begin": {
                          "spellingLoc": {
                            "offset": 2389,
                            "line": 60,
                            "col": 19,
                            "tokLen": 2
                          },
                          "expansionLoc": {
                            "offset": 2636,
                            "line": 65,
                            "col": 94,
                            "tokLen": 8
                          }
                        },
                        "end": {
                          "spellingLoc": {
                            "offset": 2394,
                            "line": 60,
                            "col": 24,
                            "tokLen": 2
                          },
                          "expansionLoc": {
                            "offset": 2636,
                            "line": 65,
                            "col": 94,
                            "tokLen": 8
                          }
                        }
                      },
                      "type": {
                        "qualType": "int"
                      },
                      "valueCategory": "prvalue",
                      "opcode": "+",
                      "inner": [
                        {
                          "id": "0x18da66a9448",
                          "kind": "IntegerLiteral",
                          "range": {
                            "begin": {
                              "spellingLoc": {
                                "offset": 2389,
                                "line": 60,
                                "col": 19,
                                "tokLen": 2
                              },
                              "expansionLoc": {
                                "offset": 2636,
                                "line": 65,
                                "col": 94,
                                "tokLen": 8
                              }
                            },
                            "end": {
                              "spellingLoc": {
                                "offset": 2389,
                                "line": 60,
                                "col": 19,
                                "tokLen": 2
                              },
                              "expansionLoc": {
                                "offset": 2636,
                                "line": 65,
                                "col": 94,
                                "tokLen": 8
                              }
                            }
                          },
                          "type": {
                            "qualType": "int"
                          },
                          "valueCategory": "prvalue",
                          "value": "10"
                        },
                        {
                          "id": "0x18da66a9470",
                          "kind": "IntegerLiteral",
                          "range": {
                            "begin": {
                              "spellingLoc": {
                                "offset": 2394,
                                "line": 60,
                                "col": 24,
                                "tokLen": 2
                              },
                              "expansionLoc": {
                                "offset": 2636,
                                "line": 65,
                                "col": 94,
                                "tokLen": 8
                              }
                            },
                            "end": {
                              "spellingLoc": {
                                "offset": 2394,
                                "line": 60,
                                "col": 24,
                                "tokLen": 2
                              },
                              "expansionLoc": {
                                "offset": 2636,
                                "line": 65,
                                "col": 94,
                                "tokLen": 8
                              }
                            }
                          },
                          "type": {
                            "qualType": "int"
                          },
                          "valueCategory": "prvalue",
                          "value": "20"
                        }
                      ]
                    }
                  ]
                }
              ]
            }
          ]
        },
        {
          "id": "0x18da66a9580",
          "kind": "UnaryOperator",
          "range": {
            "begin": {
              "offset": 2647,
              "col": 105,
              "tokLen": 1
            },
            "end": {
              "offset": 2648,
              "col": 106,
              "tokLen": 6
            }
          },
          "type": {
            "qualType": "long long"
          },
          "valueCategory": "prvalue",
          "isPostfix": false,
          "opcode": "-",
          "inner": [
            {
              "id": "0x18da66a9558",
              "kind": "IntegerLiteral",
              "range": {
                "begin": {
                  "offset": 2648,
                  "col": 106,
                  "tokLen": 6
                },
                "end": {
                  "offset": 2648,
                  "col": 106,
                  "tokLen": 6
                }
              },
              "type": {
                "qualType": "long long"
              },
              "valueCategory": "prvalue",
              "value": "9999"
            }
          ]
        }
      ]
    }
  ]
}
Cleaning up sample.probe.c
Extracted 11 macros. Saved to macros_output.json
